<?xml version="1.0" encoding="UTF-8"?>
<testng-results ignored="0" total="1" passed="1" failed="0" skipped="0">
  <reporter-output>
  </reporter-output>
  <suite started-at="2021-10-20T02:38:37 IST" name="Default suite" finished-at="2021-10-20T02:39:00 IST" duration-ms="23507">
    <groups>
    </groups>
    <test started-at="2021-10-20T02:38:37 IST" name="Default test" finished-at="2021-10-20T02:39:00 IST" duration-ms="23507">
      <class name="scripts.AddingCoursetocart">
        <test-method is-config="true" signature="openApp()[pri:0, instance:scripts.AddingCoursetocart@120f102b]" started-at="2021-10-20T02:38:37 IST" name="openApp" finished-at="2021-10-20T02:38:46 IST" duration-ms="9477" status="PASS">
          <reporter-output>
          </reporter-output>
        </test-method> <!-- openApp -->
        <test-method signature="course()[pri:0, instance:scripts.AddingCoursetocart@120f102b]" started-at="2021-10-20T02:38:46 IST" name="course" finished-at="2021-10-20T02:38:57 IST" duration-ms="10378" status="PASS">
          <reporter-output>
          </reporter-output>
        </test-method> <!-- course -->
        <test-method is-config="true" signature="closeapp(org.testng.ITestResult)[pri:0, instance:scripts.AddingCoursetocart@120f102b]" started-at="2021-10-20T02:38:57 IST" name="closeapp" finished-at="2021-10-20T02:39:00 IST" duration-ms="3542" status="PASS">
          <params>
            <param index="0">
              <value>
                <![CDATA[[TestResult name=course status=SUCCESS method=AddingCoursetocart.course()[pri:0, instance:scripts.AddingCoursetocart@120f102b] output={null}]]]>
              </value>
            </param>
          </params>
          <reporter-output>
          </reporter-output>
        </test-method> <!-- closeapp -->
      </class> <!-- scripts.AddingCoursetocart -->
    </test> <!-- Default test -->
  </suite> <!-- Default suite -->
</testng-results>
